core   0: 0x0000000000001010 (0x00028067) jr      t0
3 0x0000000000001010 (0x00028067)
core   0: 0x0000000080000000 (0x00080137) lui     sp, 0x80
3 0x0000000080000000 (0x00080137) x 2 0x0000000000080000
core   0: 0x0000000080000004 (0x00d1011b) addiw   sp, sp, 13
3 0x0000000080000004 (0x00d1011b) x 2 0x000000000008000d
core   0: 0x0000000080000008 (0x00c11113) slli    sp, sp, 12
3 0x0000000080000008 (0x00c11113) x 2 0x000000008000d000
core   0: 0x000000008000000c (0xff010113) addi    sp, sp, -16
3 0x000000008000000c (0xff010113) x 2 0x000000008000cff0
core   0: 0x0000000080000010 (0xf14020f3) csrr    ra, mhartid
3 0x0000000080000010 (0xf14020f3) x 1 0x0000000000000000
core   0: 0x0000000080000014 (0x00d09093) slli    ra, ra, 13
3 0x0000000080000014 (0x00d09093) x 1 0x0000000000000000
core   0: 0x0000000080000018 (0x40110133) sub     sp, sp, ra
3 0x0000000080000018 (0x40110133) x 2 0x000000008000cff0
core   0: 0x000000008000001c (0x34011073) csrw    mscratch, sp
3 0x000000008000001c (0x34011073)
core   0: 0x0000000080000020 (0x05c0006f) j       pc + 0x5c
3 0x0000000080000020 (0x05c0006f)
core   0: 0x000000008000007c (0xf1402573) csrr    a0, mhartid
3 0x000000008000007c (0xf1402573) x10 0x0000000000000000
core   0: 0x0000000080000080 (0x00051063) bnez    a0, pc + 0
3 0x0000000080000080 (0x00051063)
core   0: 0x0000000080000084 (0x00000297) auipc   t0, 0x0
3 0x0000000080000084 (0x00000297) x 5 0x0000000080000084
core   0: 0x0000000080000088 (0x01028293) addi    t0, t0, 16
3 0x0000000080000088 (0x01028293) x 5 0x0000000080000094
core   0: 0x000000008000008c (0x30529073) csrw    mtvec, t0
3 0x000000008000008c (0x30529073)
core   0: 0x0000000080000090 (0x18005073) csrwi   satp, 0
3 0x0000000080000090 (0x18005073)
core   0: 0x0000000080000094 (0x00000297) auipc   t0, 0x0
3 0x0000000080000094 (0x00000297) x 5 0x0000000080000094
core   0: 0x0000000080000098 (0x02428293) addi    t0, t0, 36
3 0x0000000080000098 (0x02428293) x 5 0x00000000800000b8
core   0: 0x000000008000009c (0x30529073) csrw    mtvec, t0
3 0x000000008000009c (0x30529073)
core   0: 0x00000000800000a0 (0x0010029b) addiw   t0, zero, 1
3 0x00000000800000a0 (0x0010029b) x 5 0x0000000000000001
core   0: 0x00000000800000a4 (0x03529293) slli    t0, t0, 53
3 0x00000000800000a4 (0x03529293) x 5 0x0020000000000000
core   0: 0x00000000800000a8 (0xfff28293) addi    t0, t0, -1
3 0x00000000800000a8 (0xfff28293) x 5 0x001fffffffffffff
core   0: 0x00000000800000ac (0x3b029073) csrw    pmpaddr0, t0
3 0x00000000800000ac (0x3b029073)
core   0: 0x00000000800000b0 (0x01f00293) li      t0, 31
3 0x00000000800000b0 (0x01f00293) x 5 0x000000000000001f
core   0: 0x00000000800000b4 (0x3a029073) csrw    pmpcfg0, t0
3 0x00000000800000b4 (0x3a029073)
core   0: 0x00000000800000b8 (0x00000297) auipc   t0, 0x0
3 0x00000000800000b8 (0x00000297) x 5 0x00000000800000b8
core   0: 0x00000000800000bc (0x01828293) addi    t0, t0, 24
3 0x00000000800000bc (0x01828293) x 5 0x00000000800000d0
core   0: 0x00000000800000c0 (0x30529073) csrw    mtvec, t0
3 0x00000000800000c0 (0x30529073)
core   0: 0x00000000800000c4 (0x30205073) csrwi   medeleg, 0
3 0x00000000800000c4 (0x30205073)
core   0: 0x00000000800000c8 (0x30305073) csrwi   mideleg, 0
3 0x00000000800000c8 (0x30305073)
core   0: 0x00000000800000cc (0x30405073) csrwi   mie, 0
3 0x00000000800000cc (0x30405073)
core   0: 0x00000000800000d0 (0x00000193) li      gp, 0
3 0x00000000800000d0 (0x00000193) x 3 0x0000000000000000
core   0: 0x00000000800000d4 (0x00000297) auipc   t0, 0x0
3 0x00000000800000d4 (0x00000297) x 5 0x00000000800000d4
core   0: 0x00000000800000d8 (0xf5028293) addi    t0, t0, -176
3 0x00000000800000d8 (0xf5028293) x 5 0x0000000080000024
core   0: 0x00000000800000dc (0x30529073) csrw    mtvec, t0
3 0x00000000800000dc (0x30529073)
core   0: 0x00000000800000e0 (0x00100513) li      a0, 1
3 0x00000000800000e0 (0x00100513) x10 0x0000000000000001
core   0: 0x00000000800000e4 (0x01f51513) slli    a0, a0, 31
3 0x00000000800000e4 (0x01f51513) x10 0x0000000080000000
core   0: 0x00000000800000e8 (0x02055063) bgez    a0, pc + 32
3 0x00000000800000e8 (0x02055063)
core   0: 0x0000000080000108 (0x80000297) auipc   t0, 0x80000
3 0x0000000080000108 (0x80000297) x 5 0x0000000000000108
core   0: 0x000000008000010c (0xef828293) addi    t0, t0, -264
3 0x000000008000010c (0xef828293) x 5 0x0000000000000000
core   0: 0x0000000080000110 (0x00028e63) beqz    t0, pc + 28
3 0x0000000080000110 (0x00028e63)
core   0: 0x000000008000012c (0x30005073) csrwi   mstatus, 0
3 0x000000008000012c (0x30005073)
core   0: 0x0000000080000130 (0x00002537) lui     a0, 0x2
3 0x0000000080000130 (0x00002537) x10 0x0000000000002000
core   0: 0x0000000080000134 (0x8005051b) addiw   a0, a0, -2048
3 0x0000000080000134 (0x8005051b) x10 0x0000000000001800
core   0: 0x0000000080000138 (0x30052073) csrs    mstatus, a0
3 0x0000000080000138 (0x30052073)
core   0: 0x000000008000013c (0x00000297) auipc   t0, 0x0
3 0x000000008000013c (0x00000297) x 5 0x000000008000013c
core   0: 0x0000000080000140 (0x01428293) addi    t0, t0, 20
3 0x0000000080000140 (0x01428293) x 5 0x0000000080000150
core   0: 0x0000000080000144 (0x34129073) csrw    mepc, t0
3 0x0000000080000144 (0x34129073)
core   0: 0x0000000080000148 (0xf1402573) csrr    a0, mhartid
3 0x0000000080000148 (0xf1402573) x10 0x0000000000000000
core   0: 0x000000008000014c (0x30200073) mret
3 0x000000008000014c (0x30200073)
core   0: 0x0000000080000150 (0x00000513) li      a0, 0
3 0x0000000080000150 (0x00000513) x10 0x0000000000000000
core   0: 0x0000000080000154 (0x030025b7) lui     a1, 0x3002
3 0x0000000080000154 (0x030025b7) x11 0x0000000003002000
core   0: 0x0000000080000158 (0xf1402673) csrr    a2, mhartid
3 0x0000000080000158 (0xf1402673) x12 0x0000000000000000
core   0: 0x000000008000015c (0x00361613) slli    a2, a2, 3
3 0x000000008000015c (0x00361613) x12 0x0000000000000000
core   0: 0x0000000080000160 (0x00b605b3) add     a1, a2, a1
3 0x0000000080000160 (0x00b605b3) x11 0x0000000003002000
core   0: 0x0000000080000164 (0x00a58023) sb      a0, 0(a1)
